<?xml version="1.0" encoding="UTF-8"?>
<robot generator="Robot 5.0.1 (Python 3.10.6 on win32)" generated="20220824 18:38:59.626" rpa="false" schemaversion="3">
<suite id="s1" name="Test Rf" source="C:\Users\milic\OneDrive\Documents\Robot_Framework\Automations\test_rf.robot">
<kw name="Begin Session" library="browser" type="SETUP">
<kw name="Set Selenium Timeout" library="SeleniumLibrary">
<arg>${timeout}</arg>
<doc>Sets the timeout that is used by various keywords.</doc>
<status status="PASS" starttime="20220824 18:39:00.639" endtime="20220824 18:39:00.640"/>
</kw>
<kw name="Open Browser" library="SeleniumLibrary">
<arg>url=https://www.google.com</arg>
<arg>browser=chrome</arg>
<doc>Opens a new browser instance to the optional ``url``.</doc>
<msg timestamp="20220824 18:39:00.641" level="INFO">Opening browser 'chrome' to base url 'https://www.google.com'.</msg>
<status status="PASS" starttime="20220824 18:39:00.640" endtime="20220824 18:39:03.224"/>
</kw>
<kw name="Maximize Browser Window" library="SeleniumLibrary">
<doc>Maximizes current browser window.</doc>
<status status="PASS" starttime="20220824 18:39:03.224" endtime="20220824 18:39:03.422"/>
</kw>
<status status="PASS" starttime="20220824 18:39:00.639" endtime="20220824 18:39:03.422"/>
</kw>
<test id="s1-t1" name="Test Robot Framework" line="18">
<kw name="Sleep" library="BuiltIn">
<arg>10 seconds</arg>
<doc>Pauses the test executed for the given time.</doc>
<msg timestamp="20220824 18:39:13.435" level="INFO">Slept 10 seconds</msg>
<status status="PASS" starttime="20220824 18:39:03.427" endtime="20220824 18:39:13.435"/>
</kw>
<doc>Make sure that the instilation was successful</doc>
<tag>test</tag>
<status status="PASS" starttime="20220824 18:39:03.423" endtime="20220824 18:39:13.436"/>
</test>
<kw name="Close Browser" library="SeleniumLibrary" type="TEARDOWN">
<doc>Closes the current browser.</doc>
<status status="PASS" starttime="20220824 18:39:13.438" endtime="20220824 18:39:15.616"/>
</kw>
<doc>Test that my setup of Robot Framework was successful</doc>
<status status="PASS" starttime="20220824 18:38:59.629" endtime="20220824 18:39:15.616"/>
</suite>
<statistics>
<total>
<stat pass="1" fail="0" skip="0">All Tests</stat>
</total>
<tag>
<stat pass="1" fail="0" skip="0">test</stat>
</tag>
<suite>
<stat pass="1" fail="0" skip="0" id="s1" name="Test Rf">Test Rf</stat>
</suite>
</statistics>
<errors>
</errors>
</robot>
